Mark (0, 0) = 0
Mark (0, 1) = 1
Mark (1, 0) = 1
Mark (0, 2) = 2
Mark (2, 0) = 2
Mark (0, 3) = 3
Mark (3, 0) = 3
Mark (0, 4) = 4
Mark (4, 0) = 4
Mark (0, 5) = 5
Mark (5, 0) = 5
Mark (0, 6) = 6
Mark (6, 0) = 6
Mark (0, 7) = 7
Mark (6, 1) = 7
Mark (7, 0) = 7
Mark (0, 8) = 8
Mark (6, 2) = 8
Mark (8, 0) = 8
Mark (0, 9) = 9
Mark (7, 2) = 9
Mark (9, 0) = 9
Mark (1, 9) = 10
Mark (7, 3) = 10
Mark (9, 1) = 10
Mark (2, 9) = 11
Mark (7, 4) = 11
Mark (9, 2) = 11
Mark (2, 8) = 12
Mark (6, 4) = 12
Mark (9, 3) = 12
Mark (2, 7) = 13
Mark (6, 5) = 13
Mark (9, 4) = 13
Mark (2, 6) = 14
Mark (6, 6) = 14
Mark (9, 5) = 14
Mark (2, 5) = 15
Mark (6, 7) = 15
Mark (9, 6) = 15
Mark (2, 4) = 16
Mark (7, 7) = 16
Mark (9, 7) = 16
Mark (8, 6) = 16
Mark (2, 3) = 17
Mark (8, 7) = 17
Mark (9, 8) = 17
Mark (2, 2) = 18
Mark (9, 9) = 18
Mark (9, 9) = -5
Mark (9, 8) = -5
Mark (9, 7) = -5
Mark (9, 6) = -5
Mark (9, 5) = -5
Mark (9, 4) = -5
Mark (9, 3) = -5
Mark (9, 2) = -5
Mark (9, 1) = -5
Mark (9, 0) = -5
Mark (8, 0) = -5
Mark (7, 0) = -5
Mark (6, 0) = -5
Mark (5, 0) = -5
Mark (4, 0) = -5
Mark (3, 0) = -5
Mark (2, 0) = -5
Mark (1, 0) = -5
Mark (0, 0) = -5
