Mark (0, 0) = 0
Mark (1, 0) = 1
Mark (2, 0) = 2
Mark (2, 1) = 3
Mark (3, 0) = 3
Mark (2, 2) = 4
Mark (4, 0) = 4
Mark (3, 2) = 5
Mark (5, 0) = 5
Mark (4, 2) = 6
Mark (6, 0) = 6
Mark (7, 0) = 7
Mark (8, 0) = 8
Mark (8, 1) = 9
Mark (9, 0) = 9
Mark (8, 2) = 10
Mark (9, 1) = 10
Mark (8, 3) = 11
Mark (9, 2) = 11
Mark (7, 2) = 11
Mark (8, 4) = 12
Mark (9, 3) = 12
Mark (6, 2) = 12
Mark (8, 5) = 13
Mark (6, 3) = 13
Mark (8, 6) = 14
Mark (6, 4) = 14
Mark (7, 6) = 15
Mark (5, 4) = 15
Mark (6, 6) = 16
Mark (4, 4) = 16
Mark (5, 6) = 17
Mark (3, 4) = 17
Mark (4, 6) = 18
Mark (2, 4) = 18
Mark (1, 4) = 19
Mark (0, 4) = 20
Mark (0, 5) = 21
Mark (0, 6) = 22
Mark (1, 6) = 23
Mark (2, 6) = 24
Mark (2, 7) = 25
Mark (2, 8) = 26
Mark (2, 9) = 27
Mark (1, 8) = 27
Mark (3, 9) = 28
Mark (1, 9) = 28
Mark (0, 8) = 28
Mark (4, 9) = 29
Mark (0, 9) = 29
Mark (5, 9) = 30
Mark (4, 8) = 30
