Mark (0, 0) = 0
Mark (1, 0) = 1
Mark (2, 0) = 2
Mark (3, 0) = 3
Mark (4, 0) = 4
Mark (5, 0) = 5
Mark (6, 0) = 6
Mark (7, 0) = 7
Mark (8, 0) = 8
Mark (9, 0) = 9
Mark (9, 1) = 10
Mark (9, 2) = 11
Mark (8, 2) = 12
Mark (7, 2) = 13
Mark (6, 2) = 14
Mark (5, 2) = 15
Mark (4, 2) = 16
Mark (3, 2) = 17
Mark (2, 2) = 18
Mark (1, 2) = 19
Mark (0, 2) = 20
Mark (0, 3) = 21
Mark (0, 4) = 22
Mark (1, 4) = 23
Mark (2, 4) = 24
Mark (3, 4) = 25
Mark (4, 4) = 26
Mark (5, 4) = 27
Mark (6, 4) = 28
Mark (7, 4) = 29
Mark (8, 4) = 30
Mark (9, 4) = 31
Mark (9, 5) = 32
Mark (9, 6) = 33
Mark (8, 6) = 34
Mark (7, 6) = 35
Mark (6, 6) = 36
Mark (5, 6) = 37
Mark (4, 6) = 38
Mark (3, 6) = 39
Mark (2, 6) = 40
Mark (1, 6) = 41
Mark (0, 6) = 42
Mark (0, 7) = 43
Mark (0, 8) = 44
Mark (0, 9) = 45
Mark (1, 8) = 45
Mark (1, 9) = 46
Mark (2, 8) = 46
Mark (2, 9) = 47
Mark (3, 8) = 47
Mark (3, 9) = 48
Mark (4, 8) = 48
Mark (4, 9) = 49
Mark (5, 8) = 49
Mark (5, 9) = 50
Mark (6, 8) = 50
Mark (6, 9) = 51
Mark (7, 8) = 51
Mark (7, 9) = 52
Mark (8, 8) = 52
Mark (8, 9) = 53
Mark (9, 8) = 53
Mark (9, 9) = 54
Mark (9, 9) = -5
Mark (9, 8) = -5
Mark (8, 8) = -5
Mark (7, 8) = -5
Mark (6, 8) = -5
Mark (5, 8) = -5
Mark (4, 8) = -5
Mark (3, 8) = -5
Mark (2, 8) = -5
Mark (1, 8) = -5
Mark (0, 8) = -5
Mark (0, 7) = -5
Mark (0, 6) = -5
Mark (1, 6) = -5
Mark (2, 6) = -5
Mark (3, 6) = -5
Mark (4, 6) = -5
Mark (5, 6) = -5
Mark (6, 6) = -5
Mark (7, 6) = -5
Mark (8, 6) = -5
Mark (9, 6) = -5
Mark (9, 5) = -5
Mark (9, 4) = -5
Mark (8, 4) = -5
Mark (7, 4) = -5
Mark (6, 4) = -5
Mark (5, 4) = -5
Mark (4, 4) = -5
Mark (3, 4) = -5
Mark (2, 4) = -5
Mark (1, 4) = -5
Mark (0, 4) = -5
Mark (0, 3) = -5
Mark (0, 2) = -5
Mark (1, 2) = -5
Mark (2, 2) = -5
Mark (3, 2) = -5
Mark (4, 2) = -5
Mark (5, 2) = -5
Mark (6, 2) = -5
Mark (7, 2) = -5
Mark (8, 2) = -5
Mark (9, 2) = -5
Mark (9, 1) = -5
Mark (9, 0) = -5
Mark (8, 0) = -5
Mark (7, 0) = -5
Mark (6, 0) = -5
Mark (5, 0) = -5
Mark (4, 0) = -5
Mark (3, 0) = -5
Mark (2, 0) = -5
Mark (1, 0) = -5
Mark (0, 0) = -5
