Mark (9, 9) = 0
Mark (9, 8) = 1
Mark (8, 9) = 1
Mark (8, 8) = 2
Mark (7, 9) = 2
Mark (7, 8) = 3
Mark (6, 8) = 4
Mark (5, 8) = 5
Mark (4, 8) = 6
Mark (4, 9) = 7
Mark (3, 9) = 8
Mark (2, 9) = 9
Mark (2, 8) = 10
Mark (1, 9) = 10
Mark (2, 7) = 11
Mark (1, 8) = 11
Mark (0, 9) = 11
Mark (2, 6) = 12
Mark (0, 8) = 12
Mark (1, 6) = 13
Mark (0, 6) = 14
Mark (0, 5) = 15
Mark (0, 4) = 16
Mark (1, 4) = 17
Mark (2, 4) = 18
Mark (3, 4) = 19
Mark (4, 4) = 20
Mark (5, 4) = 21
Mark (6, 4) = 22
Mark (6, 3) = 23
Mark (6, 2) = 24
Mark (7, 2) = 25
Mark (8, 2) = 26
Mark (8, 3) = 27
Mark (9, 2) = 27
Mark (8, 1) = 27
Mark (8, 4) = 28
Mark (9, 3) = 28
Mark (9, 1) = 28
Mark (8, 0) = 28
Mark (8, 5) = 29
Mark (9, 0) = 29
Mark (7, 0) = 29
Mark (8, 6) = 30
Mark (6, 0) = 30
Mark (7, 6) = 31
Mark (5, 0) = 31
Mark (6, 6) = 32
Mark (4, 0) = 32
Mark (5, 6) = 33
Mark (3, 0) = 33
Mark (4, 6) = 34
Mark (2, 0) = 34
Mark (2, 1) = 35
Mark (1, 0) = 35
Mark (2, 2) = 36
Mark (0, 0) = 36
Mark (0, 0) = -5
Mark (1, 0) = -5
Mark (2, 0) = -5
Mark (3, 0) = -5
Mark (4, 0) = -5
Mark (5, 0) = -5
Mark (6, 0) = -5
Mark (7, 0) = -5
Mark (8, 0) = -5
Mark (8, 1) = -5
Mark (8, 2) = -5
Mark (7, 2) = -5
Mark (6, 2) = -5
Mark (6, 3) = -5
Mark (6, 4) = -5
Mark (5, 4) = -5
Mark (4, 4) = -5
Mark (3, 4) = -5
Mark (2, 4) = -5
Mark (1, 4) = -5
Mark (0, 4) = -5
Mark (0, 5) = -5
Mark (0, 6) = -5
Mark (1, 6) = -5
Mark (2, 6) = -5
Mark (2, 7) = -5
Mark (2, 8) = -5
Mark (2, 9) = -5
Mark (3, 9) = -5
Mark (4, 9) = -5
Mark (4, 8) = -5
Mark (5, 8) = -5
Mark (6, 8) = -5
Mark (7, 8) = -5
Mark (7, 9) = -5
Mark (8, 9) = -5
Mark (9, 9) = -5
