Mark (0, 0) = 0
Mark (0, 1) = 1
Mark (1, 0) = 1
Mark (0, 2) = 2
Mark (1, 1) = 2
Mark (2, 0) = 2
Mark (0, 3) = 3
Mark (1, 2) = 3
Mark (2, 1) = 3
Mark (3, 0) = 3
Mark (0, 4) = 4
Mark (1, 3) = 4
Mark (2, 2) = 4
Mark (3, 1) = 4
Mark (4, 0) = 4
Mark (0, 5) = 5
Mark (1, 4) = 5
Mark (2, 3) = 5
Mark (3, 2) = 5
Mark (4, 1) = 5
Mark (5, 0) = 5
Mark (0, 6) = 6
Mark (1, 5) = 6
Mark (2, 4) = 6
Mark (3, 3) = 6
Mark (4, 2) = 6
Mark (5, 1) = 6
Mark (6, 0) = 6
Mark (0, 7) = 7
Mark (1, 6) = 7
Mark (2, 5) = 7
Mark (3, 4) = 7
Mark (4, 3) = 7
Mark (5, 2) = 7
Mark (6, 1) = 7
Mark (7, 0) = 7
Mark (0, 8) = 8
Mark (1, 7) = 8
Mark (2, 6) = 8
Mark (3, 5) = 8
Mark (4, 4) = 8
Mark (5, 3) = 8
Mark (6, 2) = 8
Mark (7, 1) = 8
Mark (8, 0) = 8
Mark (0, 9) = 9
Mark (1, 8) = 9
Mark (2, 7) = 9
Mark (3, 6) = 9
Mark (4, 5) = 9
Mark (5, 4) = 9
Mark (6, 3) = 9
Mark (7, 2) = 9
Mark (8, 1) = 9
Mark (9, 0) = 9
Mark (1, 9) = 10
Mark (2, 8) = 10
Mark (3, 7) = 10
Mark (4, 6) = 10
Mark (5, 5) = 10
Mark (6, 4) = 10
Mark (7, 3) = 10
Mark (8, 2) = 10
Mark (9, 1) = 10
Mark (2, 9) = 11
Mark (3, 8) = 11
Mark (4, 7) = 11
Mark (5, 6) = 11
Mark (6, 5) = 11
Mark (7, 4) = 11
Mark (8, 3) = 11
Mark (9, 2) = 11
Mark (3, 9) = 12
Mark (4, 8) = 12
Mark (5, 7) = 12
Mark (6, 6) = 12
Mark (7, 5) = 12
Mark (8, 4) = 12
Mark (9, 3) = 12
Mark (4, 9) = 13
Mark (5, 8) = 13
Mark (6, 7) = 13
Mark (7, 6) = 13
Mark (8, 5) = 13
Mark (9, 4) = 13
Mark (5, 9) = 14
Mark (6, 8) = 14
Mark (7, 7) = 14
Mark (8, 6) = 14
Mark (9, 5) = 14
Mark (6, 9) = 15
Mark (7, 8) = 15
Mark (8, 7) = 15
Mark (9, 6) = 15
Mark (7, 9) = 16
Mark (8, 8) = 16
Mark (9, 7) = 16
Mark (8, 9) = 17
Mark (9, 8) = 17
Mark (9, 9) = 18
Mark (9, 9) = -5
Mark (9, 8) = -5
Mark (9, 7) = -5
Mark (9, 6) = -5
Mark (9, 5) = -5
Mark (9, 4) = -5
Mark (9, 3) = -5
Mark (9, 2) = -5
Mark (9, 1) = -5
Mark (9, 0) = -5
Mark (8, 0) = -5
Mark (7, 0) = -5
Mark (6, 0) = -5
Mark (5, 0) = -5
Mark (4, 0) = -5
Mark (3, 0) = -5
Mark (2, 0) = -5
Mark (1, 0) = -5
Mark (0, 0) = -5
