Build started 11/2/2011 11:37:31 AM.
Project "C:\Documents and Settings\Administrator\My Documents\Dropbox\Lowell\Data Structures\Prog7\Prog72\Program7.vcxproj" on node 2 (build target(s)).
InitializeBuildStatus:
  Creating "Debug\Program7.unsuccessfulbuild" because "AlwaysCreate" was specified.
ClCompile:
  C:\Program Files\Microsoft Visual Studio 10.0\VC\bin\CL.exe /c /Zi /nologo /W3 /WX- /Od /Oy- /D WIN32 /D _DEBUG /D _CONSOLE /Gm /EHsc /RTC1 /MDd /GS /fp:precise /Zc:wchar_t /Zc:forScope /Fo"Debug\\" /Fd"Debug\vc100.pdb" /Gd /TP /analyze- /errorReport:prompt Prog7.cpp
  Prog7.cpp
cl : Command line warning D9028: minimal rebuild failure, reverting to normal build
ManifestResourceCompile:
  All outputs are up-to-date.
Link:
  C:\Program Files\Microsoft Visual Studio 10.0\VC\bin\link.exe /ERRORREPORT:PROMPT /OUT:"C:\Documents and Settings\Administrator\My Documents\Dropbox\Lowell\Data Structures\Prog7\Prog72\Debug\Program7.exe" /INCREMENTAL /NOLOGO kernel32.lib user32.lib gdi32.lib winspool.lib comdlg32.lib advapi32.lib shell32.lib ole32.lib oleaut32.lib uuid.lib odbc32.lib odbccp32.lib /MANIFEST /ManifestFile:"Debug\Program7.exe.intermediate.manifest" /MANIFESTUAC:"level='asInvoker' uiAccess='false'" /DEBUG /PDB:"C:\Documents and Settings\Administrator\My Documents\Dropbox\Lowell\Data Structures\Prog7\Prog72\Debug\Program7.pdb" /SUBSYSTEM:CONSOLE /TLBID:1 /DYNAMICBASE /NXCOMPAT /IMPLIB:"C:\Documents and Settings\Administrator\My Documents\Dropbox\Lowell\Data Structures\Prog7\Prog72\Debug\Program7.lib" /MACHINE:X86 Debug\Program7.exe.embed.manifest.res
  Debug\Maze.obj
  Debug\Position.obj
  Debug\Prog7.obj
  Debug\Utility.obj
Manifest:
  C:\Program Files\Microsoft SDKs\Windows\v7.0A\bin\mt.exe /nologo /verbose /out:"Debug\Program7.exe.embed.manifest" /manifest Debug\Program7.exe.intermediate.manifest
  All outputs are up-to-date.
LinkEmbedManifest:
  All outputs are up-to-date.
  Program7.vcxproj -> C:\Documents and Settings\Administrator\My Documents\Dropbox\Lowell\Data Structures\Prog7\Prog72\Debug\Program7.exe
FinalizeBuildStatus:
  Deleting file "Debug\Program7.unsuccessfulbuild".
  Touching "Debug\Program7.lastbuildstate".
Done Building Project "C:\Documents and Settings\Administrator\My Documents\Dropbox\Lowell\Data Structures\Prog7\Prog72\Program7.vcxproj" (build target(s)).

Build succeeded.

Time Elapsed 00:00:03.67
