Build started 10/2/2011 10:03:58 PM.
Project "C:\Documents and Settings\Administrator\My Documents\Dropbox\Lowell\Data Structures\Prog3\Prog3\Prog3\Prog3.vcxproj" on node 2 (build target(s)).
InitializeBuildStatus:
  Creating "Debug\Prog3.unsuccessfulbuild" because "AlwaysCreate" was specified.
ClCompile:
  C:\Program Files\Microsoft Visual Studio 10.0\VC\bin\CL.exe /c /Zi /nologo /W3 /WX- /Od /Oy- /D WIN32 /D _DEBUG /D _CONSOLE /Gm /EHsc /RTC1 /MDd /GS /fp:precise /Zc:wchar_t /Zc:forScope /Fo"Debug\\" /Fd"Debug\vc100.pdb" /Gd /TP /analyze- /errorReport:prompt Prog3.cpp
  Prog3.cpp
ManifestResourceCompile:
  All outputs are up-to-date.
Link:
  C:\Program Files\Microsoft Visual Studio 10.0\VC\bin\link.exe /ERRORREPORT:PROMPT /OUT:"C:\Documents and Settings\Administrator\My Documents\Dropbox\Lowell\Data Structures\Prog3\Prog3\Prog3\Debug\Prog3.exe" /INCREMENTAL /NOLOGO kernel32.lib user32.lib gdi32.lib winspool.lib comdlg32.lib advapi32.lib shell32.lib ole32.lib oleaut32.lib uuid.lib odbc32.lib odbccp32.lib /MANIFEST /ManifestFile:"Debug\Prog3.exe.intermediate.manifest" /MANIFESTUAC:"level='asInvoker' uiAccess='false'" /DEBUG /PDB:"C:\Documents and Settings\Administrator\My Documents\Dropbox\Lowell\Data Structures\Prog3\Prog3\Prog3\Debug\Prog3.pdb" /SUBSYSTEM:CONSOLE /TLBID:1 /DYNAMICBASE /NXCOMPAT /IMPLIB:"C:\Documents and Settings\Administrator\My Documents\Dropbox\Lowell\Data Structures\Prog3\Prog3\Prog3\Debug\Prog3.lib" /MACHINE:X86 Debug\Prog3.exe.embed.manifest.res
  Debug\LinkedList.obj
  Debug\Point.obj
  Debug\Prog3.obj
Manifest:
  C:\Program Files\Microsoft SDKs\Windows\v7.0A\bin\mt.exe /nologo /verbose /out:"Debug\Prog3.exe.embed.manifest" /manifest Debug\Prog3.exe.intermediate.manifest
  All outputs are up-to-date.
LinkEmbedManifest:
  All outputs are up-to-date.
  Prog3.vcxproj -> C:\Documents and Settings\Administrator\My Documents\Dropbox\Lowell\Data Structures\Prog3\Prog3\Prog3\Debug\Prog3.exe
FinalizeBuildStatus:
  Deleting file "Debug\Prog3.unsuccessfulbuild".
  Touching "Debug\Prog3.lastbuildstate".
Done Building Project "C:\Documents and Settings\Administrator\My Documents\Dropbox\Lowell\Data Structures\Prog3\Prog3\Prog3\Prog3.vcxproj" (build target(s)).

Build succeeded.

Time Elapsed 00:00:03.20
