Build started 11/2/2011 12:02:24 PM.
Project "C:\Documents and Settings\Administrator\My Documents\Dropbox\Lowell\Data Structures\Prog6\Prog6\Prog6.vcxproj" on node 2 (build target(s)).
InitializeBuildStatus:
  Creating "Debug\Prog6.unsuccessfulbuild" because "AlwaysCreate" was specified.
ClCompile:
  C:\Program Files\Microsoft Visual Studio 10.0\VC\bin\CL.exe /c /Zi /nologo /W3 /WX- /Od /Oy- /D WIN32 /D _DEBUG /D _CONSOLE /Gm /EHsc /RTC1 /MDd /GS /fp:precise /Zc:wchar_t /Zc:forScope /Fo"Debug\\" /Fd"Debug\vc100.pdb" /Gd /TP /analyze- /errorReport:prompt Maze.cpp Position.cpp Prog6.cpp Queue.cpp Utility.cpp
  Utility.cpp
  Queue.cpp
  Prog6.cpp
  Position.cpp
  Maze.cpp
  Generating Code...
ManifestResourceCompile:
  C:\Program Files\Microsoft SDKs\Windows\v7.0A\bin\rc.exe /nologo /fo"Debug\Prog6.exe.embed.manifest.res" Debug\Prog6_manifest.rc 
Link:
  C:\Program Files\Microsoft Visual Studio 10.0\VC\bin\link.exe /ERRORREPORT:PROMPT /OUT:"C:\Documents and Settings\Administrator\My Documents\Dropbox\Lowell\Data Structures\Prog6\Prog6\Debug\Prog6.exe" /INCREMENTAL /NOLOGO kernel32.lib user32.lib gdi32.lib winspool.lib comdlg32.lib advapi32.lib shell32.lib ole32.lib oleaut32.lib uuid.lib odbc32.lib odbccp32.lib /MANIFEST /ManifestFile:"Debug\Prog6.exe.intermediate.manifest" /MANIFESTUAC:"level='asInvoker' uiAccess='false'" /DEBUG /PDB:"C:\Documents and Settings\Administrator\My Documents\Dropbox\Lowell\Data Structures\Prog6\Prog6\Debug\Prog6.pdb" /SUBSYSTEM:CONSOLE /TLBID:1 /DYNAMICBASE /NXCOMPAT /IMPLIB:"C:\Documents and Settings\Administrator\My Documents\Dropbox\Lowell\Data Structures\Prog6\Prog6\Debug\Prog6.lib" /MACHINE:X86 Debug\Prog6.exe.embed.manifest.res
  Debug\Maze.obj
  Debug\Position.obj
  Debug\Prog6.obj
  Debug\Queue.obj
  Debug\Utility.obj
  LINK : C:\Documents and Settings\Administrator\My Documents\Dropbox\Lowell\Data Structures\Prog6\Prog6\Debug\Prog6.exe not found or not built by the last incremental link; performing full link
     Creating library C:\Documents and Settings\Administrator\My Documents\Dropbox\Lowell\Data Structures\Prog6\Prog6\Debug\Prog6.lib and object C:\Documents and Settings\Administrator\My Documents\Dropbox\Lowell\Data Structures\Prog6\Prog6\Debug\Prog6.exp
Manifest:
  C:\Program Files\Microsoft SDKs\Windows\v7.0A\bin\mt.exe /nologo /verbose /out:"Debug\Prog6.exe.embed.manifest" /manifest Debug\Prog6.exe.intermediate.manifest
  All outputs are up-to-date.
LinkEmbedManifest:
  All outputs are up-to-date.
  Prog6.vcxproj -> C:\Documents and Settings\Administrator\My Documents\Dropbox\Lowell\Data Structures\Prog6\Prog6\Debug\Prog6.exe
FinalizeBuildStatus:
  Deleting file "Debug\Prog6.unsuccessfulbuild".
  Touching "Debug\Prog6.lastbuildstate".
Done Building Project "C:\Documents and Settings\Administrator\My Documents\Dropbox\Lowell\Data Structures\Prog6\Prog6\Prog6.vcxproj" (build target(s)).

Build succeeded.

Time Elapsed 00:00:11.01
