Build started 10/27/2011 4:23:00 PM.
     1>Project "D:\My Dropbox\Lowell\Data Structures\Prog5\Prog5\Prog5.vcxproj" on node 2 (build target(s)).
     1>InitializeBuildStatus:
         Creating "Debug\Prog5.unsuccessfulbuild" because "AlwaysCreate" was specified.
       ClCompile:
         C:\Program Files (x86)\Microsoft Visual Studio 10.0\VC\bin\CL.exe /c /Zi /nologo /W3 /WX- /Od /Oy- /D WIN32 /D _DEBUG /D _CONSOLE /Gm /EHsc /RTC1 /MDd /GS /fp:precise /Zc:wchar_t /Zc:forScope /Fo"Debug\\" /Fd"Debug\vc100.pdb" /Gd /TP /analyze- /errorReport:prompt Stack.cpp
         Stack.cpp
       ManifestResourceCompile:
         All outputs are up-to-date.
       Link:
         C:\Program Files (x86)\Microsoft Visual Studio 10.0\VC\bin\link.exe /ERRORREPORT:PROMPT /OUT:"D:\My Dropbox\Lowell\Data Structures\Prog5\Prog5\Debug\Prog5.exe" /INCREMENTAL /NOLOGO kernel32.lib user32.lib gdi32.lib winspool.lib comdlg32.lib advapi32.lib shell32.lib ole32.lib oleaut32.lib uuid.lib odbc32.lib odbccp32.lib /MANIFEST /ManifestFile:"Debug\Prog5.exe.intermediate.manifest" /MANIFESTUAC:"level='asInvoker' uiAccess='false'" /DEBUG /PDB:"D:\My Dropbox\Lowell\Data Structures\Prog5\Prog5\Debug\Prog5.pdb" /SUBSYSTEM:CONSOLE /TLBID:1 /DYNAMICBASE /NXCOMPAT /IMPLIB:"D:\My Dropbox\Lowell\Data Structures\Prog5\Prog5\Debug\Prog5.lib" /MACHINE:X86 Debug\Prog5.exe.embed.manifest.res
         Debug\Maze.obj
         Debug\Position.obj
         Debug\Prog5.obj
         Debug\Stack.obj
         Debug\Utility.obj
         LinkedList.obj
       Manifest:
         C:\Program Files (x86)\Microsoft SDKs\Windows\v7.0A\bin\mt.exe /nologo /verbose /out:"Debug\Prog5.exe.embed.manifest" /manifest Debug\Prog5.exe.intermediate.manifest
         All outputs are up-to-date.
       LinkEmbedManifest:
         All outputs are up-to-date.
         Prog5.vcxproj -> D:\My Dropbox\Lowell\Data Structures\Prog5\Prog5\Debug\Prog5.exe
       FinalizeBuildStatus:
         Deleting file "Debug\Prog5.unsuccessfulbuild".
         Touching "Debug\Prog5.lastbuildstate".
     1>Done Building Project "D:\My Dropbox\Lowell\Data Structures\Prog5\Prog5\Prog5.vcxproj" (build target(s)).

Build succeeded.

Time Elapsed 00:00:01.12
